<?xml version="1.0" encoding="UTF-8"?>
<Site BuildName="Linux-g++"
	BuildStamp="20231229-0946-Experimental"
	Name="codespaces-0a1a02"
	Generator="ctest-3.18.4"
	CompilerName="/usr/bin/g++"
	CompilerVersion="10.2.1"
	OSName="Linux"
	Hostname="codespaces-0a1a02"
	OSRelease="6.2.0-1018-azure"
	OSVersion="#18~22.04.1-Ubuntu SMP Tue Nov 21 19:25:02 UTC 2023"
	OSPlatform="x86_64"
	Is64Bits="1"
	VendorString="AuthenticAMD"
	VendorID="Advanced Micro Devices"
	FamilyID="25"
	ModelID="1"
	ProcessorCacheSize="512"
	NumberOfLogicalCPU="2"
	NumberOfPhysicalCPU="1"
	TotalVirtualMemory="0"
	TotalPhysicalMemory="7929"
	LogicalProcessorsPerPhysical="2"
	ProcessorClockFrequency="3243.52"
	>
	<Testing>
		<StartDateTime>Dec 29 09:55 UTC</StartDateTime>
		<StartTestTime>1703843730</StartTestTime>
		<TestList/>
		<EndDateTime>Dec 29 09:55 UTC</EndDateTime>
		<EndTestTime>1703843730</EndTestTime>
		<ElapsedMinutes>0</ElapsedMinutes>
	</Testing>
</Site>
